Build started 8/31/2019 2:04:15 PM.
     1>Project "c:\Users\panachaitechaphaisal\documents\visual studio 2010\Projects\funtion2\funtion2\funtion2.vcxproj" on node 2 (build target(s)).
     1>InitializeBuildStatus:
         Creating "Debug\funtion2.unsuccessfulbuild" because "AlwaysCreate" was specified.
       ClCompile:
         c:\Program Files (x86)\Microsoft Visual Studio 10.0\VC\bin\CL.exe /c /ZI /nologo /W3 /WX- /Od /Oy- /D WIN32 /D _DEBUG /D _CONSOLE /D _UNICODE /D UNICODE /Gm /EHsc /RTC1 /MDd /GS /fp:precise /Zc:wchar_t /Zc:forScope /Fo"Debug\\" /Fd"Debug\vc100.pdb" /Gd /TP /analyze- /errorReport:prompt banking.cpp
         banking.cpp
       ManifestResourceCompile:
         All outputs are up-to-date.
       Link:
         c:\Program Files (x86)\Microsoft Visual Studio 10.0\VC\bin\link.exe /ERRORREPORT:PROMPT /OUT:"c:\users\panachaitechaphaisal\documents\visual studio 2010\Projects\funtion2\Debug\funtion2.exe" /INCREMENTAL /NOLOGO kernel32.lib user32.lib gdi32.lib winspool.lib comdlg32.lib advapi32.lib shell32.lib ole32.lib oleaut32.lib uuid.lib odbc32.lib odbccp32.lib /MANIFEST /ManifestFile:"Debug\funtion2.exe.intermediate.manifest" /MANIFESTUAC:"level='asInvoker' uiAccess='false'" /DEBUG /PDB:"c:\users\panachaitechaphaisal\documents\visual studio 2010\Projects\funtion2\Debug\funtion2.pdb" /SUBSYSTEM:CONSOLE /TLBID:1 /DYNAMICBASE /NXCOMPAT /IMPLIB:"c:\users\panachaitechaphaisal\documents\visual studio 2010\Projects\funtion2\Debug\funtion2.lib" /MACHINE:X86 Debug\funtion2.exe.embed.manifest.res
         Debug\banking.obj
       Manifest:
         c:\Program Files (x86)\Microsoft SDKs\Windows\v7.0A\bin\mt.exe /nologo /verbose /out:"Debug\funtion2.exe.embed.manifest" /manifest Debug\funtion2.exe.intermediate.manifest
         All outputs are up-to-date.
       LinkEmbedManifest:
         All outputs are up-to-date.
         funtion2.vcxproj -> c:\users\panachaitechaphaisal\documents\visual studio 2010\Projects\funtion2\Debug\funtion2.exe
       FinalizeBuildStatus:
         Deleting file "Debug\funtion2.unsuccessfulbuild".
         Touching "Debug\funtion2.lastbuildstate".
     1>Done Building Project "c:\Users\panachaitechaphaisal\documents\visual studio 2010\Projects\funtion2\funtion2\funtion2.vcxproj" (build target(s)).

Build succeeded.

Time Elapsed 00:00:02.66
